<?xml version="1.0" encoding="UTF-8"?>
<!-- Generated by org.testng.reporters.JUnitReportReporter -->
<testsuite hostname="Yathirv" failures="0" tests="1" name="testCases.LoginApp" time="44.722" errors="0" timestamp="2022-02-01T19:30:57 IST" skipped="0">
  <testcase classname="testCases.LoginApp" name="Login" time="44.722"/>
  <system-out/>
</testsuite> <!-- testCases.LoginApp -->
